<?xml version="1.0" encoding="UTF-8"?>
<testsuite name="WIFITest" tests="2" skipped="0" failures="0" errors="0" timestamp="2018-01-18T14:32:50" hostname="notebook" time="0.001">
  <properties/>
  <testcase name="test_add" classname="WIFITest" time="0.0"/>
  <testcase name="test_set_get" classname="WIFITest" time="0.001"/>
  <system-out><![CDATA[]]></system-out>
  <system-err><![CDATA[]]></system-err>
</testsuite>
