<?xml version="1.0" encoding="UTF-8"?>
<testsuite name="NetworkTest" tests="1" skipped="0" failures="0" errors="0" timestamp="2018-01-18T01:07:02" hostname="notebook" time="0.0">
  <properties/>
  <testcase name="add" classname="NetworkTest" time="0.0"/>
  <system-out><![CDATA[]]></system-out>
  <system-err><![CDATA[]]></system-err>
</testsuite>
