<?xml version="1.0" encoding="UTF-8"?>
<testsuite name="filterCSVTest" tests="1" skipped="0" failures="0" errors="0" timestamp="2018-01-18T01:07:02" hostname="notebook" time="0.001">
  <properties/>
  <testcase name="filter" classname="filterCSVTest" time="0.001"/>
  <system-out><![CDATA[]]></system-out>
  <system-err><![CDATA[]]></system-err>
</testsuite>
