<?xml version="1.0" encoding="UTF-8"?>
<testsuite name="toCSVTest" tests="1" skipped="0" failures="0" errors="0" timestamp="2018-01-18T09:54:31" hostname="notebook" time="0.0">
  <properties/>
  <testcase name="check" classname="toCSVTest" time="0.0"/>
  <system-out><![CDATA[]]></system-out>
  <system-err><![CDATA[]]></system-err>
</testsuite>
